2020/12/16 18:48:13 : image: http://localhost/customcart/images/BSNIDESS1.39CHCOPW-100.png 404
2020/12/16 18:48:16 : image: http://localhost/customcart/images/BSNIDESS1.39VANNPW-100.png 404
2020/12/16 18:48:18 : image: http://localhost/customcart/images/chpultmtchoc60ct-s.png 404
2020/12/16 18:48:20 : image: http://localhost/customcart/images/CHMPNULC0060CHOCPK-s.png 404
2020/12/16 18:48:22 : image: http://localhost/customcart/images/chpultmtlcvan60ct-s.png 404
2020/12/16 18:48:25 : image: http://localhost/customcart/images/chpultrametstrw60ct-s.png 404
2020/12/16 18:48:27 : image: http://localhost/customcart/images/chpultrmtvan60ct-s.png 404
2020/12/16 18:48:29 : image: http://localhost/customcart/images/clfbarbberrycrsp12ct-s.png 404
2020/12/16 18:48:32 : image: http://localhost/customcart/images/CLIFBUIL0012PEANBR-s.png 404
2020/12/16 18:48:34 : image: http://localhost/customcart/images/clfbarchocchip12ct-s.png 404
2020/12/16 18:48:36 : image: http://localhost/customcart/images/clflunaoatmeal12ct-s.png 404
2020/12/16 18:48:38 : image: http://localhost/customcart/images/CSPTCMAX01.5CITRPW-s.png 404
2020/12/16 18:48:41 : image: http://localhost/customcart/images/CSPTCMAX01.5ORGEPW1-s.png 404
2020/12/16 18:48:43 : image: http://localhost/customcart/images/CSPTEVOP2.25VANNPW-100.png 404
2020/12/16 18:48:45 : image: http://localhost/customcart/images/cysfasttwtchlem2lb-s.png 404
2020/12/16 18:48:47 : image: http://localhost/customcart/images/cysfasttwtchgrp2lb-s.png 404
2020/12/16 18:48:50 : image: http://localhost/customcart/images/cysfasttwtchlem2lb-s.png 404
2020/12/16 18:48:53 : image: http://localhost/customcart/images/cysmmcksncrm5lb-s.png 404
2020/12/16 18:48:56 : image: http://localhost/customcart/images/cysmmbarchocpntcarml8ct-s.png 404
2020/12/16 18:48:58 : image: http://localhost/customcart/images/cysmmbarvantoffcrnch8ct-s.png 404
