2020/12/16 18:48:13 : http://localhost/customcart/images/BSNIDESS1.39CHCOPW-100.png
2020/12/16 18:48:16 : http://localhost/customcart/images/BSNIDESS1.39VANNPW-100.png
2020/12/16 18:48:18 : http://localhost/customcart/images/chpultmtchoc60ct-s.png
2020/12/16 18:48:20 : http://localhost/customcart/images/CHMPNULC0060CHOCPK-s.png
2020/12/16 18:48:22 : http://localhost/customcart/images/chpultmtlcvan60ct-s.png
2020/12/16 18:48:25 : http://localhost/customcart/images/chpultrametstrw60ct-s.png
2020/12/16 18:48:27 : http://localhost/customcart/images/chpultrmtvan60ct-s.png
2020/12/16 18:48:29 : http://localhost/customcart/images/clfbarbberrycrsp12ct-s.png
2020/12/16 18:48:32 : http://localhost/customcart/images/CLIFBUIL0012PEANBR-s.png
2020/12/16 18:48:34 : http://localhost/customcart/images/clfbarchocchip12ct-s.png
2020/12/16 18:48:36 : http://localhost/customcart/images/clflunaoatmeal12ct-s.png
2020/12/16 18:48:38 : http://localhost/customcart/images/CSPTCMAX01.5CITRPW-s.png
2020/12/16 18:48:41 : http://localhost/customcart/images/CSPTCMAX01.5ORGEPW1-s.png
2020/12/16 18:48:43 : http://localhost/customcart/images/CSPTEVOP2.25VANNPW-100.png
2020/12/16 18:48:45 : http://localhost/customcart/images/cysfasttwtchlem2lb-s.png
2020/12/16 18:48:47 : http://localhost/customcart/images/cysfasttwtchgrp2lb-s.png
2020/12/16 18:48:50 : http://localhost/customcart/images/cysfasttwtchlem2lb-s.png
2020/12/16 18:48:53 : http://localhost/customcart/images/cysmmcksncrm5lb-s.png
2020/12/16 18:48:56 : http://localhost/customcart/images/cysmmbarchocpntcarml8ct-s.png
2020/12/16 18:48:58 : http://localhost/customcart/images/cysmmbarvantoffcrnch8ct-s.png
