2020/12/15 07:12:10 : image: http://localhost/customcart/images/BSNIDESS1.39CHCOPW-100.png 404
2020/12/15 07:12:13 : image: http://localhost/customcart/images/BSNIDESS1.39VANNPW-100.png 404
2020/12/15 07:12:16 : image: http://localhost/customcart/images/chpultmtchoc60ct-s.png 404
2020/12/15 07:12:19 : image: http://localhost/customcart/images/CHMPNULC0060CHOCPK-s.png 404
2020/12/15 07:12:22 : image: http://localhost/customcart/images/chpultmtlcvan60ct-s.png 404
2020/12/15 07:12:25 : image: http://localhost/customcart/images/chpultrametstrw60ct-s.png 404
2020/12/15 07:12:27 : image: http://localhost/customcart/images/chpultrmtvan60ct-s.png 404
2020/12/15 07:12:30 : image: http://localhost/customcart/images/clfbarbberrycrsp12ct-s.png 404
2020/12/15 07:12:34 : image: http://localhost/customcart/images/CLIFBUIL0012PEANBR-s.png 404
2020/12/15 07:12:37 : image: http://localhost/customcart/images/clfbarchocchip12ct-s.png 404
2020/12/15 07:12:40 : image: http://localhost/customcart/images/clflunaoatmeal12ct-s.png 404
2020/12/15 07:12:43 : image: http://localhost/customcart/images/CSPTCMAX01.5CITRPW-s.png 404
2020/12/15 07:12:46 : image: http://localhost/customcart/images/CSPTCMAX01.5ORGEPW1-s.png 404
2020/12/15 07:12:48 : image: http://localhost/customcart/images/CSPTEVOP2.25VANNPW-100.png 404
2020/12/15 07:12:51 : image: http://localhost/customcart/images/cysfasttwtchlem2lb-s.png 404
2020/12/15 07:12:54 : image: http://localhost/customcart/images/cysfasttwtchgrp2lb-s.png 404
2020/12/15 07:12:57 : image: http://localhost/customcart/images/cysfasttwtchlem2lb-s.png 404
2020/12/15 07:12:59 : image: http://localhost/customcart/images/cysmmcksncrm5lb-s.png 404
2020/12/15 07:13:02 : image: http://localhost/customcart/images/cysmmbarchocpntcarml8ct-s.png 404
2020/12/15 07:13:05 : image: http://localhost/customcart/images/cysmmbarvantoffcrnch8ct-s.png 404
