2020/12/15 07:12:10 : http://localhost/customcart/images/BSNIDESS1.39CHCOPW-100.png
2020/12/15 07:12:13 : http://localhost/customcart/images/BSNIDESS1.39VANNPW-100.png
2020/12/15 07:12:16 : http://localhost/customcart/images/chpultmtchoc60ct-s.png
2020/12/15 07:12:19 : http://localhost/customcart/images/CHMPNULC0060CHOCPK-s.png
2020/12/15 07:12:22 : http://localhost/customcart/images/chpultmtlcvan60ct-s.png
2020/12/15 07:12:25 : http://localhost/customcart/images/chpultrametstrw60ct-s.png
2020/12/15 07:12:27 : http://localhost/customcart/images/chpultrmtvan60ct-s.png
2020/12/15 07:12:30 : http://localhost/customcart/images/clfbarbberrycrsp12ct-s.png
2020/12/15 07:12:34 : http://localhost/customcart/images/CLIFBUIL0012PEANBR-s.png
2020/12/15 07:12:37 : http://localhost/customcart/images/clfbarchocchip12ct-s.png
2020/12/15 07:12:40 : http://localhost/customcart/images/clflunaoatmeal12ct-s.png
2020/12/15 07:12:43 : http://localhost/customcart/images/CSPTCMAX01.5CITRPW-s.png
2020/12/15 07:12:46 : http://localhost/customcart/images/CSPTCMAX01.5ORGEPW1-s.png
2020/12/15 07:12:48 : http://localhost/customcart/images/CSPTEVOP2.25VANNPW-100.png
2020/12/15 07:12:51 : http://localhost/customcart/images/cysfasttwtchlem2lb-s.png
2020/12/15 07:12:54 : http://localhost/customcart/images/cysfasttwtchgrp2lb-s.png
2020/12/15 07:12:57 : http://localhost/customcart/images/cysfasttwtchlem2lb-s.png
2020/12/15 07:12:59 : http://localhost/customcart/images/cysmmcksncrm5lb-s.png
2020/12/15 07:13:02 : http://localhost/customcart/images/cysmmbarchocpntcarml8ct-s.png
2020/12/15 07:13:05 : http://localhost/customcart/images/cysmmbarvantoffcrnch8ct-s.png
