2020/12/16 18:41:47 : image: http://localhost/customcart/images/BSNIDESS1.39CHCOPW-100.png 404
2020/12/16 18:41:50 : image: http://localhost/customcart/images/BSNIDESS1.39VANNPW-100.png 404
2020/12/16 18:41:53 : image: http://localhost/customcart/images/chpultmtchoc60ct-s.png 404
2020/12/16 18:41:55 : image: http://localhost/customcart/images/CHMPNULC0060CHOCPK-s.png 404
2020/12/16 18:41:57 : image: http://localhost/customcart/images/chpultmtlcvan60ct-s.png 404
2020/12/16 18:42:00 : image: http://localhost/customcart/images/chpultrametstrw60ct-s.png 404
2020/12/16 18:42:02 : image: http://localhost/customcart/images/chpultrmtvan60ct-s.png 404
2020/12/16 18:42:05 : image: http://localhost/customcart/images/clfbarbberrycrsp12ct-s.png 404
2020/12/16 18:42:08 : image: http://localhost/customcart/images/CLIFBUIL0012PEANBR-s.png 404
2020/12/16 18:42:10 : image: http://localhost/customcart/images/clfbarchocchip12ct-s.png 404
2020/12/16 18:42:14 : image: http://localhost/customcart/images/clflunaoatmeal12ct-s.png 404
2020/12/16 18:42:16 : image: http://localhost/customcart/images/CSPTCMAX01.5CITRPW-s.png 404
2020/12/16 18:42:18 : image: http://localhost/customcart/images/CSPTCMAX01.5ORGEPW1-s.png 404
2020/12/16 18:42:20 : image: http://localhost/customcart/images/CSPTEVOP2.25VANNPW-100.png 404
2020/12/16 18:42:23 : image: http://localhost/customcart/images/cysfasttwtchlem2lb-s.png 404
2020/12/16 18:42:26 : image: http://localhost/customcart/images/cysfasttwtchgrp2lb-s.png 404
2020/12/16 18:42:28 : image: http://localhost/customcart/images/cysfasttwtchlem2lb-s.png 404
2020/12/16 18:42:30 : image: http://localhost/customcart/images/cysmmcksncrm5lb-s.png 404
2020/12/16 18:42:33 : image: http://localhost/customcart/images/cysmmbarchocpntcarml8ct-s.png 404
2020/12/16 18:42:35 : image: http://localhost/customcart/images/cysmmbarvantoffcrnch8ct-s.png 404
