2020/12/16 18:41:47 : http://localhost/customcart/images/BSNIDESS1.39CHCOPW-100.png
2020/12/16 18:41:50 : http://localhost/customcart/images/BSNIDESS1.39VANNPW-100.png
2020/12/16 18:41:53 : http://localhost/customcart/images/chpultmtchoc60ct-s.png
2020/12/16 18:41:55 : http://localhost/customcart/images/CHMPNULC0060CHOCPK-s.png
2020/12/16 18:41:57 : http://localhost/customcart/images/chpultmtlcvan60ct-s.png
2020/12/16 18:42:00 : http://localhost/customcart/images/chpultrametstrw60ct-s.png
2020/12/16 18:42:02 : http://localhost/customcart/images/chpultrmtvan60ct-s.png
2020/12/16 18:42:05 : http://localhost/customcart/images/clfbarbberrycrsp12ct-s.png
2020/12/16 18:42:08 : http://localhost/customcart/images/CLIFBUIL0012PEANBR-s.png
2020/12/16 18:42:10 : http://localhost/customcart/images/clfbarchocchip12ct-s.png
2020/12/16 18:42:14 : http://localhost/customcart/images/clflunaoatmeal12ct-s.png
2020/12/16 18:42:16 : http://localhost/customcart/images/CSPTCMAX01.5CITRPW-s.png
2020/12/16 18:42:18 : http://localhost/customcart/images/CSPTCMAX01.5ORGEPW1-s.png
2020/12/16 18:42:20 : http://localhost/customcart/images/CSPTEVOP2.25VANNPW-100.png
2020/12/16 18:42:23 : http://localhost/customcart/images/cysfasttwtchlem2lb-s.png
2020/12/16 18:42:26 : http://localhost/customcart/images/cysfasttwtchgrp2lb-s.png
2020/12/16 18:42:28 : http://localhost/customcart/images/cysfasttwtchlem2lb-s.png
2020/12/16 18:42:30 : http://localhost/customcart/images/cysmmcksncrm5lb-s.png
2020/12/16 18:42:33 : http://localhost/customcart/images/cysmmbarchocpntcarml8ct-s.png
2020/12/16 18:42:35 : http://localhost/customcart/images/cysmmbarvantoffcrnch8ct-s.png
